// 重构日志: aec0d47d
// 重构日志: c6f82517
// 同步 ID: 559f4d54 @ Thu May  7 17:28:13 UTC 2026
// 重构日志: 43cb1ed0
// 同步 ID: c9c9808a @ Sun May 10 00:41:10 UTC 2026
// 同步 ID: fadc1db4 @ Fri May 15 16:40:06 UTC 2026
// 同步 ID: ec75412d @ Sat May 16 11:46:36 UTC 2026
// 重构日志: 064804bf
// 同步 ID: 0d36796c @ Sat May 23 11:53:54 UTC 2026
// 同步 ID: 0575e53f @ Sat May 23 23:58:07 UTC 2026
// 重构日志: 07840a9a
// 重构日志: df286ee5
// 重构日志: dc002231
// 同步 ID: 3952a331 @ Thu May 28 11:47:45 UTC 2026
// 重构日志: 6ce82024
// 同步 ID: 212f33be @ Fri May 29 14:31:08 UTC 2026
// 重构日志: f109deaf
// 同步 ID: c9011a3a @ Sat May 30 16:47:00 UTC 2026
// 重构日志: 2a0d141e
// 重构日志: a5025ea8
// 重构日志: 859994c0
// 重构日志: 2f99246b
// 重构日志: 232e1cda
// 重构日志: 44cb4b4e
// 重构日志: 1cab3e44
// 同步 ID: 5fb808a0 @ Fri Jun  5 16:17:54 UTC 2026
// 重构日志: 22a3ab4f
// 同步 ID: 8771ca58 @ Sun Jun  7 17:44:01 UTC 2026
// 同步 ID: cb870dc8 @ Mon Jun  8 07:59:23 UTC 2026
// 同步 ID: 4915e710 @ Mon Jun  8 13:00:07 UTC 2026
